This file contains any messages produced by compilers while
running configure, to aid debugging if configure makes a mistake.

It was created by sprint_config configure version_0.9, which was
generated by GNU Autoconf 2.69.  Invocation command line was

  $ ./configure 

## --------- ##
## Platform. ##
## --------- ##

hostname = wireless-10-145-55-78.public.utexas.edu
uname -m = x86_64
uname -r = 16.0.0
uname -s = Darwin
uname -v = Darwin Kernel Version 16.0.0: Mon Aug 29 17:56:20 PDT 2016; root:xnu-3789.1.32~3/RELEASE_X86_64

/usr/bin/uname -p = i386
/bin/uname -X     = unknown

/bin/arch              = unknown
/usr/bin/arch -k       = unknown
/usr/convex/getsysinfo = unknown
/usr/bin/hostinfo      = Mach kernel version:
	 Darwin Kernel Version 16.0.0: Mon Aug 29 17:56:20 PDT 2016; root:xnu-3789.1.32~3/RELEASE_X86_64
Kernel configured for up to 4 processors.
2 processors are physically available.
4 processors are logically available.
Processor type: x86_64h (Intel x86-64h Haswell)
Processors active: 0 1 2 3
Primary memory available: 8.00 gigabytes
Default processor set: 348 tasks, 1468 threads, 4 processors
Load average: 1.25, Mach factor: 2.75
/bin/machine           = unknown
/usr/bin/oslevel       = unknown
/bin/universe          = unknown

PATH: /usr/local/ncl-6.3.0/bin
PATH: /opt/local/bin
PATH: /opt/local/sbin
PATH: /opt/local/bin
PATH: /opt/local/sbin
PATH: /Users/chengweiyu/anaconda/bin
PATH: /Users/chengweiyu/anaconda/bin
PATH: /Library/Frameworks/Python.framework/Versions/3.4/bin
PATH: /usr/local/bin
PATH: /usr/bin
PATH: /bin
PATH: /usr/sbin
PATH: /sbin
PATH: /opt/X11/bin
PATH: /Library/TeX/texbin
PATH: /usr/local/ncl-6.3.0/bin
PATH: /opt/local/bin
PATH: /opt/local/sbin
PATH: /Users/chengweiyu/anaconda/bin
PATH: /Library/Frameworks/Python.framework/Versions/3.4/bin


## ----------- ##
## Core tests. ##
## ----------- ##

configure:2121: Checking required libraries for SPRNT
configure:2175: checking for gcc
configure:2191: found /usr/bin/gcc
configure:2202: result: gcc
configure:2431: checking for C compiler version
configure:2440: gcc --version >&5
Apple LLVM version 8.1.0 (clang-802.0.42)
Target: x86_64-apple-darwin16.0.0
Thread model: posix
InstalledDir: /Applications/Xcode.app/Contents/Developer/Toolchains/XcodeDefault.xctoolchain/usr/bin
Configured with: --prefix=/Applications/Xcode.app/Contents/Developer/usr --with-gxx-include-dir=/usr/include/c++/4.2.1
configure:2451: $? = 0
configure:2440: gcc -v >&5
Configured with: --prefix=/Applications/Xcode.app/Contents/Developer/usr --with-gxx-include-dir=/usr/include/c++/4.2.1
Apple LLVM version 8.1.0 (clang-802.0.42)
Target: x86_64-apple-darwin16.0.0
Thread model: posix
InstalledDir: /Applications/Xcode.app/Contents/Developer/Toolchains/XcodeDefault.xctoolchain/usr/bin
configure:2451: $? = 0
configure:2440: gcc -V >&5
clang: error: argument to '-V' is missing (expected 1 value)
clang: error: no input files
configure:2451: $? = 1
configure:2440: gcc -qversion >&5
clang: error: unknown argument: '-qversion'
clang: error: no input files
configure:2451: $? = 1
configure:2471: checking whether the C compiler works
configure:2493: gcc   -L/usr/local/gfortran/lib conftest.c  >&5
configure:2497: $? = 0
configure:2545: result: yes
configure:2548: checking for C compiler default output file name
configure:2550: result: a.out
configure:2556: checking for suffix of executables
configure:2563: gcc -o conftest   -L/usr/local/gfortran/lib conftest.c  >&5
configure:2567: $? = 0
configure:2589: result: 
configure:2611: checking whether we are cross compiling
configure:2619: gcc -o conftest   -L/usr/local/gfortran/lib conftest.c  >&5
configure:2623: $? = 0
configure:2630: ./conftest
configure:2634: $? = 0
configure:2649: result: no
configure:2654: checking for suffix of object files
configure:2676: gcc -c   conftest.c >&5
configure:2680: $? = 0
configure:2701: result: o
configure:2705: checking whether we are using the GNU C compiler
configure:2724: gcc -c   conftest.c >&5
configure:2724: $? = 0
configure:2733: result: yes
configure:2742: checking whether gcc accepts -g
configure:2762: gcc -c -g  conftest.c >&5
configure:2762: $? = 0
configure:2803: result: yes
configure:2820: checking for gcc option to accept ISO C89
configure:2883: gcc  -c -g -O2  conftest.c >&5
configure:2883: $? = 0
configure:2896: result: none needed
configure:2974: checking for g++
configure:2990: found /usr/bin/g++
configure:3001: result: g++
configure:3028: checking for C++ compiler version
configure:3037: g++ --version >&5
Apple LLVM version 8.1.0 (clang-802.0.42)
Target: x86_64-apple-darwin16.0.0
Thread model: posix
InstalledDir: /Applications/Xcode.app/Contents/Developer/Toolchains/XcodeDefault.xctoolchain/usr/bin
Configured with: --prefix=/Applications/Xcode.app/Contents/Developer/usr --with-gxx-include-dir=/usr/include/c++/4.2.1
configure:3048: $? = 0
configure:3037: g++ -v >&5
Configured with: --prefix=/Applications/Xcode.app/Contents/Developer/usr --with-gxx-include-dir=/usr/include/c++/4.2.1
Apple LLVM version 8.1.0 (clang-802.0.42)
Target: x86_64-apple-darwin16.0.0
Thread model: posix
InstalledDir: /Applications/Xcode.app/Contents/Developer/Toolchains/XcodeDefault.xctoolchain/usr/bin
configure:3048: $? = 0
configure:3037: g++ -V >&5
clang: error: argument to '-V' is missing (expected 1 value)
clang: error: no input files
configure:3048: $? = 1
configure:3037: g++ -qversion >&5
clang: error: unknown argument: '-qversion'
clang: error: no input files
configure:3048: $? = 1
configure:3052: checking whether we are using the GNU C++ compiler
configure:3071: g++ -c   conftest.cpp >&5
configure:3071: $? = 0
configure:3080: result: yes
configure:3089: checking whether g++ accepts -g
configure:3109: g++ -c -g  conftest.cpp >&5
configure:3109: $? = 0
configure:3150: result: yes
configure:3226: checking for g77
configure:3256: result: no
configure:3226: checking for xlf
configure:3256: result: no
configure:3226: checking for f77
configure:3256: result: no
configure:3226: checking for frt
configure:3256: result: no
configure:3226: checking for pgf77
configure:3256: result: no
configure:3226: checking for cf77
configure:3256: result: no
configure:3226: checking for fort77
configure:3256: result: no
configure:3226: checking for fl32
configure:3256: result: no
configure:3226: checking for af77
configure:3256: result: no
configure:3226: checking for xlf90
configure:3256: result: no
configure:3226: checking for f90
configure:3256: result: no
configure:3226: checking for pgf90
configure:3256: result: no
configure:3226: checking for pghpf
configure:3256: result: no
configure:3226: checking for epcf90
configure:3256: result: no
configure:3226: checking for gfortran
configure:3242: found /usr/local/bin/gfortran
configure:3253: result: gfortran
configure:3279: checking for Fortran 77 compiler version
configure:3288: gfortran --version >&5
GNU Fortran (GCC) 5.2.0
Copyright (C) 2015 Free Software Foundation, Inc.

GNU Fortran comes with NO WARRANTY, to the extent permitted by law.
You may redistribute copies of GNU Fortran
under the terms of the GNU General Public License.
For more information about these matters, see the file named COPYING

configure:3299: $? = 0
configure:3288: gfortran -v >&5
Using built-in specs.
COLLECT_GCC=gfortran
COLLECT_LTO_WRAPPER=/usr/local/gfortran/libexec/gcc/x86_64-apple-darwin14/5.2.0/lto-wrapper
Target: x86_64-apple-darwin14
Configured with: ../gcc-5.2.0/configure --prefix=/usr/local/gfortran --with-gmp=/Users/fx/devel/gcc/deps-static/x86_64 --enable-languages=c,c++,fortran,objc,obj-c++ --build=x86_64-apple-darwin14
Thread model: posix
gcc version 5.2.0 (GCC) 
configure:3299: $? = 0
configure:3288: gfortran -V >&5
gfortran: error: unrecognized command line option '-V'
gfortran: fatal error: no input files
compilation terminated.
configure:3299: $? = 1
configure:3288: gfortran -qversion >&5
gfortran: error: unrecognized command line option '-qversion'
gfortran: fatal error: no input files
compilation terminated.
configure:3299: $? = 1
configure:3308: checking whether we are using the GNU Fortran 77 compiler
configure:3321: gfortran -c  conftest.F >&5
configure:3321: $? = 0
configure:3330: result: yes
configure:3336: checking whether gfortran accepts -g
configure:3347: gfortran -c -g conftest.f >&5
configure:3347: $? = 0
configure:3355: result: yes
configure:3429: checking for make
configure:3445: found /usr/bin/make
configure:3456: result: make
configure:3525: checking for ranlib
configure:3541: found /opt/local/bin/ranlib
configure:3552: result: ranlib
configure:3620: checking for ar
configure:3636: found /opt/local/bin/ar
configure:3647: result: ar
configure:3675: checking for curl
configure:3691: found /opt/local/bin/curl
configure:3702: result: yes
configure:3717: checking for dirname
configure:3733: found /usr/bin/dirname
configure:3744: result: yes
configure:3759: checking for readlink
configure:3775: found /usr/bin/readlink
configure:3786: result: yes
configure:3800: checking for cbrt in -lm
configure:3825: gcc -o conftest -g -O2  -L/usr/local/gfortran/lib conftest.c -lm   >&5
conftest.c:16:6: warning: incompatible redeclaration of library function 'cbrt' [-Wincompatible-library-redeclaration]
char cbrt ();
     ^
conftest.c:16:6: note: 'cbrt' is a builtin with type 'double (double)'
1 warning generated.
configure:3825: $? = 0
configure:3834: result: yes
configure:3856: checking how to run the C preprocessor
configure:3887: gcc -E  conftest.c
configure:3887: $? = 0
configure:3901: gcc -E  conftest.c
conftest.c:10:10: fatal error: 'ac_nonexistent.h' file not found
#include <ac_nonexistent.h>
         ^
1 error generated.
configure:3901: $? = 1
configure: failed program was:
| /* confdefs.h */
| #define PACKAGE_NAME "sprint_config"
| #define PACKAGE_TARNAME "sprint_config"
| #define PACKAGE_VERSION "version_0.9"
| #define PACKAGE_STRING "sprint_config version_0.9"
| #define PACKAGE_BUGREPORT ""
| #define PACKAGE_URL ""
| #define HAVE_LIBM 1
| /* end confdefs.h.  */
| #include <ac_nonexistent.h>
configure:3926: result: gcc -E
configure:3946: gcc -E  conftest.c
configure:3946: $? = 0
configure:3960: gcc -E  conftest.c
conftest.c:10:10: fatal error: 'ac_nonexistent.h' file not found
#include <ac_nonexistent.h>
         ^
1 error generated.
configure:3960: $? = 1
configure: failed program was:
| /* confdefs.h */
| #define PACKAGE_NAME "sprint_config"
| #define PACKAGE_TARNAME "sprint_config"
| #define PACKAGE_VERSION "version_0.9"
| #define PACKAGE_STRING "sprint_config version_0.9"
| #define PACKAGE_BUGREPORT ""
| #define PACKAGE_URL ""
| #define HAVE_LIBM 1
| /* end confdefs.h.  */
| #include <ac_nonexistent.h>
configure:3989: checking for grep that handles long lines and -e
configure:4047: result: /usr/bin/grep
configure:4052: checking for egrep
configure:4114: result: /usr/bin/grep -E
configure:4119: checking for ANSI C header files
configure:4139: gcc -c -g -O2  conftest.c >&5
configure:4139: $? = 0
configure:4212: gcc -o conftest -g -O2  -L/usr/local/gfortran/lib conftest.c -lm  >&5
configure:4212: $? = 0
configure:4212: ./conftest
configure:4212: $? = 0
configure:4223: result: yes
configure:4236: checking for sys/types.h
configure:4236: gcc -c -g -O2  conftest.c >&5
configure:4236: $? = 0
configure:4236: result: yes
configure:4236: checking for sys/stat.h
configure:4236: gcc -c -g -O2  conftest.c >&5
configure:4236: $? = 0
configure:4236: result: yes
configure:4236: checking for stdlib.h
configure:4236: gcc -c -g -O2  conftest.c >&5
configure:4236: $? = 0
configure:4236: result: yes
configure:4236: checking for string.h
configure:4236: gcc -c -g -O2  conftest.c >&5
configure:4236: $? = 0
configure:4236: result: yes
configure:4236: checking for memory.h
configure:4236: gcc -c -g -O2  conftest.c >&5
configure:4236: $? = 0
configure:4236: result: yes
configure:4236: checking for strings.h
configure:4236: gcc -c -g -O2  conftest.c >&5
configure:4236: $? = 0
configure:4236: result: yes
configure:4236: checking for inttypes.h
configure:4236: gcc -c -g -O2  conftest.c >&5
configure:4236: $? = 0
configure:4236: result: yes
configure:4236: checking for stdint.h
configure:4236: gcc -c -g -O2  conftest.c >&5
configure:4236: $? = 0
configure:4236: result: yes
configure:4236: checking for unistd.h
configure:4236: gcc -c -g -O2  conftest.c >&5
configure:4236: $? = 0
configure:4236: result: yes
configure:4251: checking if zlib is wanted
configure:4273: result: yes
configure:4304: checking for inflateEnd in -lz
configure:4329: gcc -o conftest -g -O2  -I/usr/include -L/usr/local/gfortran/lib -L/usr/lib conftest.c -lz  -lm  >&5
configure:4329: $? = 0
configure:4338: result: yes
configure:4346: checking zlib.h usability
configure:4346: gcc -c -g -O2  -I/usr/include conftest.c >&5
configure:4346: $? = 0
configure:4346: result: yes
configure:4346: checking zlib.h presence
configure:4346: gcc -E  -I/usr/include conftest.c
configure:4346: $? = 0
configure:4346: result: yes
configure:4346: checking for zlib.h
configure:4346: result: yes
configure:4370: Found zlib. I/O compression will be enabled
configure:4389: checking for _gfortran_fget in -lgfortran
configure:4414: gcc -o conftest -g -O2  -L/usr/local/gfortran/lib conftest.c -lgfortran  -lm  >&5
configure:4414: $? = 0
configure:4423: result: yes
configure:4484: checking for dgemm_ in -lblas
configure:4509: gcc -o conftest -g -O2  -L/usr/local/gfortran/lib conftest.c -lblas  -lgfortran -lm  >&5
configure:4509: $? = 0
configure:4518: result: yes
configure:4539: checking if g++ supports C++0x features without additional flags
configure:4576: g++ -c -g -O2  conftest.cpp >&5
conftest.cpp:25:21: error: expected parameter declarator
      static_assert(sizeof(int) <= sizeof(T), "not big enough");
                    ^
conftest.cpp:25:21: error: expected ')'
conftest.cpp:25:20: note: to match this '('
      static_assert(sizeof(int) <= sizeof(T), "not big enough");
                   ^
conftest.cpp:25:7: error: C++ requires a type specifier for all declarations
      static_assert(sizeof(int) <= sizeof(T), "not big enough");
      ^
conftest.cpp:28:29: error: a space is required between consecutive right angle brackets (use '> >')
    typedef check<check<bool>> right_angle_brackets;
                            ^~
                            > >
conftest.cpp:31:5: error: unknown type name 'decltype'
    decltype(a) b;
    ^
conftest.cpp:31:16: error: expected ';' after top level declarator
    decltype(a) b;
               ^
               ;
conftest.cpp:35:15: warning: rvalue references are a C++11 extension [-Wc++11-extensions]
    check_type&& cr = static_cast<check_type&&>(c);
              ^
conftest.cpp:35:45: warning: rvalue references are a C++11 extension [-Wc++11-extensions]
    check_type&& cr = static_cast<check_type&&>(c);
                                            ^
2 warnings and 6 errors generated.
configure:4576: $? = 1
configure: failed program was:
| /* confdefs.h */
| #define PACKAGE_NAME "sprint_config"
| #define PACKAGE_TARNAME "sprint_config"
| #define PACKAGE_VERSION "version_0.9"
| #define PACKAGE_STRING "sprint_config version_0.9"
| #define PACKAGE_BUGREPORT ""
| #define PACKAGE_URL ""
| #define HAVE_LIBM 1
| #define STDC_HEADERS 1
| #define HAVE_SYS_TYPES_H 1
| #define HAVE_SYS_STAT_H 1
| #define HAVE_STDLIB_H 1
| #define HAVE_STRING_H 1
| #define HAVE_MEMORY_H 1
| #define HAVE_STRINGS_H 1
| #define HAVE_INTTYPES_H 1
| #define HAVE_STDINT_H 1
| #define HAVE_UNISTD_H 1
| #define HAVE_LIBGFORTRAN 1
| /* end confdefs.h.  */
| 
|   template <typename T>
|     struct check
|     {
|       static_assert(sizeof(int) <= sizeof(T), "not big enough");
|     };
| 
|     typedef check<check<bool>> right_angle_brackets;
| 
|     int a;
|     decltype(a) b;
| 
|     typedef check<int> check_type;
|     check_type c;
|     check_type&& cr = static_cast<check_type&&>(c);
| int
| main ()
| {
| 
|   ;
|   return 0;
| }
configure:4590: result: no
configure:4593: checking if g++ supports C++0x features with -std=c++0x
configure:4632: g++ -c -g -O2 -std=c++0x  conftest.cpp >&5
configure:4632: $? = 0
configure:4647: result: yes
configure:4650: checking if g++ supports C++0x features with -std=gnu++0x
configure:4689: g++ -c -g -O2 -std=gnu++0x  conftest.cpp >&5
configure:4689: $? = 0
configure:4704: result: yes
configure:4873: creating ./config.status

## ---------------------- ##
## Running config.status. ##
## ---------------------- ##

This file was extended by sprint_config config.status version_0.9, which was
generated by GNU Autoconf 2.69.  Invocation command line was

  CONFIG_FILES    = 
  CONFIG_HEADERS  = 
  CONFIG_LINKS    = 
  CONFIG_COMMANDS = 
  $ ./config.status 

on wireless-10-145-55-78.public.utexas.edu

config.status:742: creating Make.rules
config.status:742: creating Makefile
config.status:742: creating UFconfig.mk
config.status:742: creating uf_makefile.local
configure:5882: ==============================================================
configure:5884: Required libraries seem to be in place ...... 
configure:5886: Build the thirdparty libraries before
configure:5888: building SPRNT. Steps: 
configure:5890:  make dep
configure:5892:  make 
configure:5894:  make test (optional)
configure:5896:  make install
configure:5898: Options to clean
configure:5900:  make uninstall - as the name says
configure:5902:  make clean     - clean the libraries only 
configure:5904:  make realclean - linbraries + binary
configure:5906:  make distclean - remove downloadd 3rd party components and Make files
configure:5908: ==============================================================

## ---------------- ##
## Cache variables. ##
## ---------------- ##

ac_cv_c_compiler_gnu=yes
ac_cv_cxx_compiler_gnu=yes
ac_cv_env_CCC_set=
ac_cv_env_CCC_value=
ac_cv_env_CC_set=
ac_cv_env_CC_value=
ac_cv_env_CFLAGS_set=
ac_cv_env_CFLAGS_value=
ac_cv_env_CPPFLAGS_set=
ac_cv_env_CPPFLAGS_value=
ac_cv_env_CPP_set=
ac_cv_env_CPP_value=
ac_cv_env_CXXFLAGS_set=
ac_cv_env_CXXFLAGS_value=
ac_cv_env_CXX_set=
ac_cv_env_CXX_value=
ac_cv_env_F77_set=
ac_cv_env_F77_value=
ac_cv_env_FFLAGS_set=
ac_cv_env_FFLAGS_value=
ac_cv_env_LDFLAGS_set=set
ac_cv_env_LDFLAGS_value=-L/usr/local/gfortran/lib
ac_cv_env_LIBS_set=
ac_cv_env_LIBS_value=
ac_cv_env_build_alias_set=
ac_cv_env_build_alias_value=
ac_cv_env_host_alias_set=
ac_cv_env_host_alias_value=
ac_cv_env_target_alias_set=
ac_cv_env_target_alias_value=
ac_cv_f77_compiler_gnu=yes
ac_cv_header_inttypes_h=yes
ac_cv_header_memory_h=yes
ac_cv_header_stdc=yes
ac_cv_header_stdint_h=yes
ac_cv_header_stdlib_h=yes
ac_cv_header_string_h=yes
ac_cv_header_strings_h=yes
ac_cv_header_sys_stat_h=yes
ac_cv_header_sys_types_h=yes
ac_cv_header_unistd_h=yes
ac_cv_header_zlib_h=yes
ac_cv_lib_blas_dgemm_=yes
ac_cv_lib_gfortran__gfortran_fget=yes
ac_cv_lib_m_cbrt=yes
ac_cv_lib_z_inflateEnd=yes
ac_cv_objext=o
ac_cv_path_EGREP='/usr/bin/grep -E'
ac_cv_path_GREP=/usr/bin/grep
ac_cv_prog_CPP='gcc -E'
ac_cv_prog_CURL_CHECK=yes
ac_cv_prog_DIRNAME_CHECK=yes
ac_cv_prog_REALPATH_CHECK=yes
ac_cv_prog_ac_ct_AR=ar
ac_cv_prog_ac_ct_CC=gcc
ac_cv_prog_ac_ct_CXX=g++
ac_cv_prog_ac_ct_F77=gfortran
ac_cv_prog_ac_ct_MAKEB=make
ac_cv_prog_ac_ct_RANLIB=ranlib
ac_cv_prog_cc_c89=
ac_cv_prog_cc_g=yes
ac_cv_prog_cxx_g=yes
ac_cv_prog_f77_g=yes
ax_cv_cxx_compile_cxx0x_cxx=yes
ax_cv_cxx_compile_cxx0x_gxx=yes
ax_cv_cxx_compile_cxx0x_native=no
zlib_cv_libz=yes
zlib_cv_zlib_h=yes

## ----------------- ##
## Output variables. ##
## ----------------- ##

AR='ar'
CC='gcc'
CFLAGS='-g -O2'
CPP='gcc -E'
CPPFLAGS=''
CURL_CHECK='yes'
CXX='g++'
CXXFLAGS='-g -O2'
CXX_STDCXX_0X_FLAG='-std=c++0x'
DEFS='-DPACKAGE_NAME=\"sprint_config\" -DPACKAGE_TARNAME=\"sprint_config\" -DPACKAGE_VERSION=\"version_0.9\" -DPACKAGE_STRING=\"sprint_config\ version_0.9\" -DPACKAGE_BUGREPORT=\"\" -DPACKAGE_URL=\"\" -DHAVE_LIBM=1 -DSTDC_HEADERS=1 -DHAVE_SYS_TYPES_H=1 -DHAVE_SYS_STAT_H=1 -DHAVE_STDLIB_H=1 -DHAVE_STRING_H=1 -DHAVE_MEMORY_H=1 -DHAVE_STRINGS_H=1 -DHAVE_INTTYPES_H=1 -DHAVE_STDINT_H=1 -DHAVE_UNISTD_H=1 -DHAVE_LIBGFORTRAN=1 -DHAVE_STDCXX_0X=/\*\*/'
DIRNAME_CHECK='yes'
ECHO_C='\c'
ECHO_N=''
ECHO_T=''
EGREP='/usr/bin/grep -E'
EXEEXT=''
F77='gfortran'
FFLAGS='-g -O2'
GREP='/usr/bin/grep'
LDFLAGS='-L/usr/local/gfortran/lib'
LIBOBJS=''
LIBS='-lgfortran -lm '
LOC_BLAS_ARCHIVE=''
LOC_BLAS_LIBS='-lblas'
LOC_HAVE_LIBZ='-DHAVE_LIBZ'
LTLIBOBJS=''
MAKEB='make'
OBJEXT='o'
PACKAGE_BUGREPORT=''
PACKAGE_NAME='sprint_config'
PACKAGE_STRING='sprint_config version_0.9'
PACKAGE_TARNAME='sprint_config'
PACKAGE_URL=''
PACKAGE_VERSION='version_0.9'
PATH_SEPARATOR=':'
RANLIB='ranlib'
REALPATH_CHECK='yes'
SHELL='/bin/sh'
ac_ct_CC='gcc'
ac_ct_CXX='g++'
ac_ct_F77='gfortran'
bindir='${exec_prefix}/bin'
build_alias=''
datadir='${datarootdir}'
datarootdir='${prefix}/share'
docdir='${datarootdir}/doc/${PACKAGE_TARNAME}'
dvidir='${docdir}'
exec_prefix='${prefix}'
host_alias=''
htmldir='${docdir}'
includedir='${prefix}/include'
infodir='${datarootdir}/info'
libdir='${exec_prefix}/lib'
libexecdir='${exec_prefix}/libexec'
localedir='${datarootdir}/locale'
localstatedir='${prefix}/var'
mandir='${datarootdir}/man'
oldincludedir='/usr/include'
pdfdir='${docdir}'
prefix='.'
program_transform_name='s,x,x,'
psdir='${docdir}'
sbindir='${exec_prefix}/sbin'
sharedstatedir='${prefix}/com'
sysconfdir='${prefix}/etc'
target_alias=''

## ----------- ##
## confdefs.h. ##
## ----------- ##

/* confdefs.h */
#define PACKAGE_NAME "sprint_config"
#define PACKAGE_TARNAME "sprint_config"
#define PACKAGE_VERSION "version_0.9"
#define PACKAGE_STRING "sprint_config version_0.9"
#define PACKAGE_BUGREPORT ""
#define PACKAGE_URL ""
#define HAVE_LIBM 1
#define STDC_HEADERS 1
#define HAVE_SYS_TYPES_H 1
#define HAVE_SYS_STAT_H 1
#define HAVE_STDLIB_H 1
#define HAVE_STRING_H 1
#define HAVE_MEMORY_H 1
#define HAVE_STRINGS_H 1
#define HAVE_INTTYPES_H 1
#define HAVE_STDINT_H 1
#define HAVE_UNISTD_H 1
#define HAVE_LIBGFORTRAN 1
#define HAVE_STDCXX_0X /**/

configure: exit 0
